<?xml version="1.0" encoding="UTF-8"?>
<!-- Generated by org.testng.reporters.JUnitReportReporter -->
<testsuite name="selenium.java.testng.FirstTestNG" tests="2" time="9.796" ignored="0" failures="0" timestamp="16 Feb 2020 17:15:08 GMT" skipped="0" hostname="Sri" errors="0">
  <testcase name="myFirstTestcase" time="9.794" classname="selenium.java.testng.FirstTestNG"/>
  <testcase name="mySecondTestcase" time="0.002" classname="selenium.java.testng.FirstTestNG"/>
</testsuite> <!-- selenium.java.testng.FirstTestNG -->
